#
# A fatal error has been detected by the Java Runtime Environment:
#
#  EXCEPTION_ACCESS_VIOLATION (0xc0000005) at pc=0x00007ffd583305f0, pid=21252, tid=9432
#
# JRE version: Java(TM) SE Runtime Environment (17.0.7+8) (build 17.0.7+8-LTS-224)
# Java VM: Java HotSpot(TM) 64-Bit Server VM (17.0.7+8-LTS-224, mixed mode, sharing, tiered, compressed oops, compressed class ptrs, g1 gc, windows-amd64)
# Problematic frame:
# C  [nvoglv64.dll+0x5205f0]
#
# No core dump will be written. Minidumps are not enabled by default on client versions of Windows
#
# If you would like to submit a bug report, please visit:
#   https://bugreport.java.com/bugreport/crash.jsp
# The crash happened outside the Java Virtual Machine in native code.
# See problematic frame for where to report the bug.
#

---------------  S U M M A R Y ------------

Command Line: -javaagent:C:\Program Files\JetBrains\IntelliJ IDEA Community Edition 2023.3\lib\idea_rt.jar=59753:C:\Program Files\JetBrains\IntelliJ IDEA Community Edition 2023.3\bin -Dfile.encoding=UTF-8 org.a4z0.venture.Venture

Host: AMD A8-9600 RADEON R7, 10 COMPUTE CORES 4C+6G  , 4 cores, 23G,  Windows 11 , 64 bit Build 22621 (10.0.22621.3235)
Time: Sat Mar 23 09:12:19 2024 Hora oficial do Brasil elapsed time: 1.785875 seconds (0d 0h 0m 1s)

---------------  T H R E A D  ---------------

Current thread (0x000001a174571130):  JavaThread "main" [_thread_in_native, id=9432, stack(0x000000941c900000,0x000000941ca00000)]

Stack: [0x000000941c900000,0x000000941ca00000],  sp=0x000000941c9ff430,  free space=1021k
Native frames: (J=compiled Java code, j=interpreted, Vv=VM code, C=native code)
C  [nvoglv64.dll+0x5205f0]

Java frames: (J=compiled Java code, j=interpreted, Vv=VM code)
j  org.lwjgl.opengl.GL11C.nglDrawElements(IIIJ)V+0
j  org.lwjgl.opengl.GL11C.glDrawElements(IIIJ)V+4
j  org.lwjgl.opengl.GL11.glDrawElements(IIIJ)V+4
j  org.a4z0.venture.render.BlockRenderer.render(IIILorg/a4z0/venture/gl/vertex/VertexBuffer;II)V+72
j  org.a4z0.venture.render.BlockRenderer.render(IIILorg/a4z0/venture/gl/vertex/VertexBuffer;I)V+9
j  org.a4z0.venture.render.BlockRenderer.render(IIILorg/a4z0/venture/gl/vertex/Vertex;)V+14
j  org.a4z0.venture.Venture.main([Ljava/lang/String;)V+575
v  ~StubRoutines::call_stub

siginfo: EXCEPTION_ACCESS_VIOLATION (0xc0000005), reading address 0x0000000000000000


Register to memory mapping:

RIP=0x00007ffd583305f0 nvoglv64.dll
RAX=0x00000000fffffe04 is an unknown value
RBX=0x0 is NULL
RCX=0x000001a17fb32160 points into unknown readable memory: 0x0000000000000000 | 00 00 00 00 00 00 00 00
RDX=0x0 is NULL
RSP=0x000000941c9ff430 is pointing into the stack for thread: 0x000001a174571130
RBP=0x0000000000003fbc is an unknown value
RSI=0x0000000000000fe4 is an unknown value
RDI=0x000001a11d787080 points into unknown readable memory: 0x0000000000000000 | 00 00 00 00 00 00 00 00
R8 =0x0000000000000004 is an unknown value
R9 =0x000001a17fb32144 points into unknown readable memory: 06 e0 fd 01
R10=0x000001a17fb3215c points into unknown readable memory: 00 00 00 00
R11=0x00000000000001fc is an unknown value
R12=0x000001a17fb32160 points into unknown readable memory: 0x0000000000000000 | 00 00 00 00 00 00 00 00
R13=0x0000000000001405 is an unknown value
R14=0x0000000000003f90 is an unknown value
R15=0x0 is NULL


Registers:
RAX=0x00000000fffffe04, RBX=0x0000000000000000, RCX=0x000001a17fb32160, RDX=0x0000000000000000
RSP=0x000000941c9ff430, RBP=0x0000000000003fbc, RSI=0x0000000000000fe4, RDI=0x000001a11d787080
R8 =0x0000000000000004, R9 =0x000001a17fb32144, R10=0x000001a17fb3215c, R11=0x00000000000001fc
R12=0x000001a17fb32160, R13=0x0000000000001405, R14=0x0000000000003f90, R15=0x0000000000000000
RIP=0x00007ffd583305f0, EFLAGS=0x0000000000010293

Top of Stack: (sp=0x000000941c9ff430)
0x000000941c9ff430:   000001a17f544dd0 000001a17eda4788
0x000000941c9ff440:   000000941c9ff550 00007ffd7daa0122
0x000000941c9ff450:   000001a1075576a3 000000000017555d
0x000000941c9ff460:   000001a174571130 000001a174571130
0x000000941c9ff470:   000001a17eda4788 000001a174571130
0x000000941c9ff480:   0000000000000000 0000000000000000
0x000000941c9ff490:   000001a174571130 000001a17eda4788
0x000000941c9ff4a0:   0000000000000000 000001a1075394fe
0x000000941c9ff4b0:   000001a17f544dd0 000001a10753d621
0x000000941c9ff4c0:   000000941c9ff550 000000941c9ff501
0x000000941c9ff4d0:   000000941c9ff590 000001a17eda4788
0x000000941c9ff4e0:   000001a100001405 0000000000000000
0x000000941c9ff4f0:   3ff0000000000000 000001a174571130
0x000000941c9ff500:   000001a10753d2f6 000000941c9ff508
0x000000941c9ff510:   000001a17eda4788 000000941c9ff590
0x000000941c9ff520:   000001a17edaedf8 0000000000000000 

Instructions: (pc=0x00007ffd583305f0)
0x00007ffd583304f0:   b4 24 a0 00 00 00 48 8b 9c 24 a8 00 00 00 48 83
0x00007ffd58330500:   c4 60 41 5f 41 5d 41 5c 5f 5e c3 48 8b 4f 50 8b
0x00007ffd58330510:   c3 48 2b 4f 40 48 c1 f9 02 85 c9 0f 49 c1 c1 e0
0x00007ffd58330520:   02 3b e8 72 0a 8b d5 48 8b cf e8 71 cc 21 00 4c
0x00007ffd58330530:   8b 4f 40 8b c5 c1 e0 0b 83 c8 06 41 89 01 45 89
0x00007ffd58330540:   61 04 41 89 71 08 45 89 69 0c 4d 89 79 10 38 9c
0x00007ffd58330550:   24 98 00 00 00 0f 84 1e 01 00 00 4c 8b 57 40 41
0x00007ffd58330560:   8d 47 0f 83 e0 f0 49 83 c2 18 41 2b c7 0f 57 db
0x00007ffd58330570:   d1 f8 49 8b d7 44 8b c6 66 0f 7f 5c 24 50 49 8d
0x00007ffd58330580:   4a 04 03 c1 49 8d 4a 04 f7 d8 83 e0 0f 48 03 c8
0x00007ffd58330590:   4c 8b e1 41 f6 c7 0f 74 23 0f 1f 80 00 00 00 00
0x00007ffd583305a0:   45 85 c0 74 17 8b 02 41 ff c8 66 89 01 0b d8 48
0x00007ffd583305b0:   83 c1 02 48 83 c2 04 f6 c2 0f 75 e4 41 83 f8 08
0x00007ffd583305c0:   7e 6a 66 0f 6f 25 d6 61 28 01 41 8d 40 f7 66 0f
0x00007ffd583305d0:   6f 2d da 61 28 01 c1 e8 03 ff c0 44 8b d8 f7 d8
0x00007ffd583305e0:   45 8d 04 c0 0f 1f 40 00 0f 1f 84 00 00 00 00 00
0x00007ffd583305f0:   f3 0f 6f 12 f3 0f 6f 4a 10 66 0f eb da 66 0f eb
0x00007ffd58330600:   d9 48 83 c2 20 0f 18 02 66 0f fe d4 66 0f fe cc
0x00007ffd58330610:   66 0f 6b d1 66 0f fd d5 f3 0f 7f 11 48 83 c1 10
0x00007ffd58330620:   49 83 eb 01 75 ca 66 0f 7f 5c 24 50 8b 44 24 5c
0x00007ffd58330630:   0b 44 24 58 0b 44 24 54 0b 44 24 50 0b d8 45 85
0x00007ffd58330640:   c0 74 22 0f 1f 40 00 66 0f 1f 84 00 00 00 00 00
0x00007ffd58330650:   8b 02 0b d8 66 89 01 48 8d 49 02 48 8d 52 04 41
0x00007ffd58330660:   83 e8 01 75 eb 45 2b e2 45 89 22 f7 c3 00 00 ff
0x00007ffd58330670:   ff 74 46 ff 87 ac 11 92 00 48 8b 5f 40 49 8b d7
0x00007ffd58330680:   4d 63 c6 48 8d 4b 1c e8 c4 95 a9 00 c7 43 18 04
0x00007ffd58330690:   00 00 00 48 63 c5 48 83 e0 fc 48 01 47 40 48 8b
0x00007ffd583306a0:   47 40 48 3b 47 48 0f 82 3a fe ff ff 48 8b cf e8
0x00007ffd583306b0:   3c c7 21 00 e9 2d fe ff ff 41 c7 41 0c 03 14 00
0x00007ffd583306c0:   00 41 8b 2a 48 8b 47 40 83 c5 03 8d 6c 75 00 83
0x00007ffd583306d0:   e5 fc 83 c5 18 8b cd c1 e1 0b 83 c9 06 89 08 8b
0x00007ffd583306e0:   87 ac 11 92 00 85 c0 74 aa ff c8 89 87 ac 11 92 


Stack slot to memory mapping:
stack at sp + 0 slots: 0x000001a17f544dd0 points into unknown readable memory: 0x000000003f800000 | 00 00 80 3f 00 00 00 00
stack at sp + 1 slots: {method} {0x000001a17eda4790} 'nglDrawElements' '(IIIJ)V' in 'org/lwjgl/opengl/GL11C'
stack at sp + 2 slots: 0x000000941c9ff550 is pointing into the stack for thread: 0x000001a174571130
stack at sp + 3 slots: 0x00007ffd7daa0122 jvm.dll
stack at sp + 4 slots: 0x000001a1075576a3 is at code_begin+4643 in 
[CodeBlob (0x000001a107556410)]
Framesize: 0
BufferBlob (0x000001a107556410) used for native signature handlers
stack at sp + 5 slots: 0x000000000017555d is an unknown value
stack at sp + 6 slots: 0x000001a174571130 is a thread
stack at sp + 7 slots: 0x000001a174571130 is a thread


---------------  P R O C E S S  ---------------

Threads class SMR info:
_java_thread_list=0x000001a122b7f150, length=14, elements={
0x000001a174571130, 0x000001a17e6d9900, 0x000001a17e6da570, 0x000001a17e6eb960,
0x000001a17e6ed230, 0x000001a17e6f2b10, 0x000001a17e6f33d0, 0x000001a17e6f4070,
0x000001a17e701f40, 0x000001a17f138050, 0x000001a17f1fabc0, 0x000001a17f379bf0,
0x000001a17f37a0c0, 0x000001a122b7f730
}

Java Threads: ( => current thread )
=>0x000001a174571130 JavaThread "main" [_thread_in_native, id=9432, stack(0x000000941c900000,0x000000941ca00000)]
  0x000001a17e6d9900 JavaThread "Reference Handler" daemon [_thread_blocked, id=8776, stack(0x000000941d000000,0x000000941d100000)]
  0x000001a17e6da570 JavaThread "Finalizer" daemon [_thread_blocked, id=21288, stack(0x000000941d100000,0x000000941d200000)]
  0x000001a17e6eb960 JavaThread "Signal Dispatcher" daemon [_thread_blocked, id=13668, stack(0x000000941d200000,0x000000941d300000)]
  0x000001a17e6ed230 JavaThread "Attach Listener" daemon [_thread_blocked, id=14980, stack(0x000000941d300000,0x000000941d400000)]
  0x000001a17e6f2b10 JavaThread "Service Thread" daemon [_thread_blocked, id=20144, stack(0x000000941d400000,0x000000941d500000)]
  0x000001a17e6f33d0 JavaThread "Monitor Deflation Thread" daemon [_thread_blocked, id=15252, stack(0x000000941d500000,0x000000941d600000)]
  0x000001a17e6f4070 JavaThread "C2 CompilerThread0" daemon [_thread_blocked, id=11012, stack(0x000000941d600000,0x000000941d700000)]
  0x000001a17e701f40 JavaThread "C1 CompilerThread0" daemon [_thread_blocked, id=4948, stack(0x000000941d700000,0x000000941d800000)]
  0x000001a17f138050 JavaThread "Sweeper thread" daemon [_thread_blocked, id=9632, stack(0x000000941d800000,0x000000941d900000)]
  0x000001a17f1fabc0 JavaThread "Common-Cleaner" daemon [_thread_blocked, id=11092, stack(0x000000941d900000,0x000000941da00000)]
  0x000001a17f379bf0 JavaThread "Monitor Ctrl-Break" daemon [_thread_in_native, id=4400, stack(0x000000941da00000,0x000000941db00000)]
  0x000001a17f37a0c0 JavaThread "Notification Thread" daemon [_thread_blocked, id=10376, stack(0x000000941db00000,0x000000941dc00000)]
  0x000001a122b7f730 JavaThread "C2 CompilerThread1" daemon [_thread_blocked, id=1724, stack(0x000000941e400000,0x000000941e500000)]

Other Threads:
  0x000001a17e6d3a00 VMThread "VM Thread" [stack: 0x000000941cf00000,0x000000941d000000] [id=13308]
  0x000001a17460ed70 WatcherThread [stack: 0x000000941dc00000,0x000000941dd00000] [id=14012]
  0x000001a1745fafa0 GCTaskThread "GC Thread#0" [stack: 0x000000941ca00000,0x000000941cb00000] [id=19908]
  0x000001a122de0f90 GCTaskThread "GC Thread#1" [stack: 0x000000941e500000,0x000000941e600000] [id=14692]
  0x000001a122de1240 GCTaskThread "GC Thread#2" [stack: 0x000000941e600000,0x000000941e700000] [id=19508]
  0x000001a123146050 GCTaskThread "GC Thread#3" [stack: 0x000000941e700000,0x000000941e800000] [id=21904]
  0x000001a174607d60 ConcurrentGCThread "G1 Main Marker" [stack: 0x000000941cb00000,0x000000941cc00000] [id=23252]
  0x000001a174608670 ConcurrentGCThread "G1 Conc#0" [stack: 0x000000941cc00000,0x000000941cd00000] [id=15772]
  0x000001a17e5934e0 ConcurrentGCThread "G1 Refine#0" [stack: 0x000000941cd00000,0x000000941ce00000] [id=2856]
  0x000001a17463d2d0 ConcurrentGCThread "G1 Service" [stack: 0x000000941ce00000,0x000000941cf00000] [id=6020]

Threads with active compile tasks:

VM state: not at safepoint (normal execution)

VM Mutex/Monitor currently owned by a thread: None

Heap address: 0x0000000681000000, size: 6128 MB, Compressed Oops mode: Zero based, Oop shift amount: 3

CDS archive(s) mapped at: [0x0000000800000000-0x0000000800bd0000-0x0000000800bd0000), size 12386304, SharedBaseAddress: 0x0000000800000000, ArchiveRelocationMode: 0.
Compressed class space mapped at: 0x0000000800c00000-0x0000000840c00000, reserved size: 1073741824
Narrow klass base: 0x0000000800000000, Narrow klass shift: 0, Narrow klass range: 0x100000000

GC Precious Log:
 CPUs: 4 total, 4 available
 Memory: 24505M
 Large Page Support: Disabled
 NUMA Support: Disabled
 Compressed Oops: Enabled (Zero based)
 Heap Region Size: 4M
 Heap Min Capacity: 8M
 Heap Initial Capacity: 384M
 Heap Max Capacity: 6128M
 Pre-touch: Disabled
 Parallel Workers: 4
 Concurrent Workers: 1
 Concurrent Refinement Workers: 4
 Periodic GC: Disabled

Heap:
 garbage-first heap   total 393216K, used 7271K [0x0000000681000000, 0x0000000800000000)
  region size 4096K, 3 young (12288K), 1 survivors (4096K)
 Metaspace       used 6146K, committed 6336K, reserved 1064960K
  class space    used 314K, committed 448K, reserved 1048576K

Heap Regions: E=young(eden), S=young(survivor), O=old, HS=humongous(starts), HC=humongous(continues), CS=collection set, F=free, OA=open archive, CA=closed archive, TAMS=top-at-mark-start (previous, next)
|   0|0x0000000681000000, 0x0000000681000000, 0x0000000681400000|  0%| F|  |TAMS 0x0000000681000000, 0x0000000681000000| Untracked 
|   1|0x0000000681400000, 0x0000000681400000, 0x0000000681800000|  0%| F|  |TAMS 0x0000000681400000, 0x0000000681400000| Untracked 
|   2|0x0000000681800000, 0x0000000681800000, 0x0000000681c00000|  0%| F|  |TAMS 0x0000000681800000, 0x0000000681800000| Untracked 
|   3|0x0000000681c00000, 0x0000000681c00000, 0x0000000682000000|  0%| F|  |TAMS 0x0000000681c00000, 0x0000000681c00000| Untracked 
|   4|0x0000000682000000, 0x0000000682000000, 0x0000000682400000|  0%| F|  |TAMS 0x0000000682000000, 0x0000000682000000| Untracked 
|   5|0x0000000682400000, 0x0000000682400000, 0x0000000682800000|  0%| F|  |TAMS 0x0000000682400000, 0x0000000682400000| Untracked 
|   6|0x0000000682800000, 0x0000000682800000, 0x0000000682c00000|  0%| F|  |TAMS 0x0000000682800000, 0x0000000682800000| Untracked 
|   7|0x0000000682c00000, 0x0000000682c00000, 0x0000000683000000|  0%| F|  |TAMS 0x0000000682c00000, 0x0000000682c00000| Untracked 
|   8|0x0000000683000000, 0x0000000683000000, 0x0000000683400000|  0%| F|  |TAMS 0x0000000683000000, 0x0000000683000000| Untracked 
|   9|0x0000000683400000, 0x0000000683400000, 0x0000000683800000|  0%| F|  |TAMS 0x0000000683400000, 0x0000000683400000| Untracked 
|  10|0x0000000683800000, 0x0000000683800000, 0x0000000683c00000|  0%| F|  |TAMS 0x0000000683800000, 0x0000000683800000| Untracked 
|  11|0x0000000683c00000, 0x0000000683c00000, 0x0000000684000000|  0%| F|  |TAMS 0x0000000683c00000, 0x0000000683c00000| Untracked 
|  12|0x0000000684000000, 0x0000000684000000, 0x0000000684400000|  0%| F|  |TAMS 0x0000000684000000, 0x0000000684000000| Untracked 
|  13|0x0000000684400000, 0x0000000684400000, 0x0000000684800000|  0%| F|  |TAMS 0x0000000684400000, 0x0000000684400000| Untracked 
|  14|0x0000000684800000, 0x0000000684800000, 0x0000000684c00000|  0%| F|  |TAMS 0x0000000684800000, 0x0000000684800000| Untracked 
|  15|0x0000000684c00000, 0x0000000684c00000, 0x0000000685000000|  0%| F|  |TAMS 0x0000000684c00000, 0x0000000684c00000| Untracked 
|  16|0x0000000685000000, 0x0000000685000000, 0x0000000685400000|  0%| F|  |TAMS 0x0000000685000000, 0x0000000685000000| Untracked 
|  17|0x0000000685400000, 0x0000000685400000, 0x0000000685800000|  0%| F|  |TAMS 0x0000000685400000, 0x0000000685400000| Untracked 
|  18|0x0000000685800000, 0x0000000685800000, 0x0000000685c00000|  0%| F|  |TAMS 0x0000000685800000, 0x0000000685800000| Untracked 
|  19|0x0000000685c00000, 0x0000000685c00000, 0x0000000686000000|  0%| F|  |TAMS 0x0000000685c00000, 0x0000000685c00000| Untracked 
|  20|0x0000000686000000, 0x0000000686000000, 0x0000000686400000|  0%| F|  |TAMS 0x0000000686000000, 0x0000000686000000| Untracked 
|  21|0x0000000686400000, 0x0000000686400000, 0x0000000686800000|  0%| F|  |TAMS 0x0000000686400000, 0x0000000686400000| Untracked 
|  22|0x0000000686800000, 0x0000000686800000, 0x0000000686c00000|  0%| F|  |TAMS 0x0000000686800000, 0x0000000686800000| Untracked 
|  23|0x0000000686c00000, 0x0000000686c00000, 0x0000000687000000|  0%| F|  |TAMS 0x0000000686c00000, 0x0000000686c00000| Untracked 
|  24|0x0000000687000000, 0x0000000687000000, 0x0000000687400000|  0%| F|  |TAMS 0x0000000687000000, 0x0000000687000000| Untracked 
|  25|0x0000000687400000, 0x0000000687400000, 0x0000000687800000|  0%| F|  |TAMS 0x0000000687400000, 0x0000000687400000| Untracked 
|  26|0x0000000687800000, 0x0000000687800000, 0x0000000687c00000|  0%| F|  |TAMS 0x0000000687800000, 0x0000000687800000| Untracked 
|  27|0x0000000687c00000, 0x0000000687c00000, 0x0000000688000000|  0%| F|  |TAMS 0x0000000687c00000, 0x0000000687c00000| Untracked 
|  28|0x0000000688000000, 0x0000000688000000, 0x0000000688400000|  0%| F|  |TAMS 0x0000000688000000, 0x0000000688000000| Untracked 
|  29|0x0000000688400000, 0x0000000688400000, 0x0000000688800000|  0%| F|  |TAMS 0x0000000688400000, 0x0000000688400000| Untracked 
|  30|0x0000000688800000, 0x0000000688800000, 0x0000000688c00000|  0%| F|  |TAMS 0x0000000688800000, 0x0000000688800000| Untracked 
|  31|0x0000000688c00000, 0x0000000688c00000, 0x0000000689000000|  0%| F|  |TAMS 0x0000000688c00000, 0x0000000688c00000| Untracked 
|  32|0x0000000689000000, 0x0000000689000000, 0x0000000689400000|  0%| F|  |TAMS 0x0000000689000000, 0x0000000689000000| Untracked 
|  33|0x0000000689400000, 0x0000000689400000, 0x0000000689800000|  0%| F|  |TAMS 0x0000000689400000, 0x0000000689400000| Untracked 
|  34|0x0000000689800000, 0x0000000689800000, 0x0000000689c00000|  0%| F|  |TAMS 0x0000000689800000, 0x0000000689800000| Untracked 
|  35|0x0000000689c00000, 0x0000000689c00000, 0x000000068a000000|  0%| F|  |TAMS 0x0000000689c00000, 0x0000000689c00000| Untracked 
|  36|0x000000068a000000, 0x000000068a000000, 0x000000068a400000|  0%| F|  |TAMS 0x000000068a000000, 0x000000068a000000| Untracked 
|  37|0x000000068a400000, 0x000000068a400000, 0x000000068a800000|  0%| F|  |TAMS 0x000000068a400000, 0x000000068a400000| Untracked 
|  38|0x000000068a800000, 0x000000068a800000, 0x000000068ac00000|  0%| F|  |TAMS 0x000000068a800000, 0x000000068a800000| Untracked 
|  39|0x000000068ac00000, 0x000000068ac00000, 0x000000068b000000|  0%| F|  |TAMS 0x000000068ac00000, 0x000000068ac00000| Untracked 
|  40|0x000000068b000000, 0x000000068b000000, 0x000000068b400000|  0%| F|  |TAMS 0x000000068b000000, 0x000000068b000000| Untracked 
|  41|0x000000068b400000, 0x000000068b400000, 0x000000068b800000|  0%| F|  |TAMS 0x000000068b400000, 0x000000068b400000| Untracked 
|  42|0x000000068b800000, 0x000000068b800000, 0x000000068bc00000|  0%| F|  |TAMS 0x000000068b800000, 0x000000068b800000| Untracked 
|  43|0x000000068bc00000, 0x000000068bc00000, 0x000000068c000000|  0%| F|  |TAMS 0x000000068bc00000, 0x000000068bc00000| Untracked 
|  44|0x000000068c000000, 0x000000068c000000, 0x000000068c400000|  0%| F|  |TAMS 0x000000068c000000, 0x000000068c000000| Untracked 
|  45|0x000000068c400000, 0x000000068c400000, 0x000000068c800000|  0%| F|  |TAMS 0x000000068c400000, 0x000000068c400000| Untracked 
|  46|0x000000068c800000, 0x000000068c800000, 0x000000068cc00000|  0%| F|  |TAMS 0x000000068c800000, 0x000000068c800000| Untracked 
|  47|0x000000068cc00000, 0x000000068cc00000, 0x000000068d000000|  0%| F|  |TAMS 0x000000068cc00000, 0x000000068cc00000| Untracked 
|  48|0x000000068d000000, 0x000000068d000000, 0x000000068d400000|  0%| F|  |TAMS 0x000000068d000000, 0x000000068d000000| Untracked 
|  49|0x000000068d400000, 0x000000068d400000, 0x000000068d800000|  0%| F|  |TAMS 0x000000068d400000, 0x000000068d400000| Untracked 
|  50|0x000000068d800000, 0x000000068d800000, 0x000000068dc00000|  0%| F|  |TAMS 0x000000068d800000, 0x000000068d800000| Untracked 
|  51|0x000000068dc00000, 0x000000068dc00000, 0x000000068e000000|  0%| F|  |TAMS 0x000000068dc00000, 0x000000068dc00000| Untracked 
|  52|0x000000068e000000, 0x000000068e000000, 0x000000068e400000|  0%| F|  |TAMS 0x000000068e000000, 0x000000068e000000| Untracked 
|  53|0x000000068e400000, 0x000000068e400000, 0x000000068e800000|  0%| F|  |TAMS 0x000000068e400000, 0x000000068e400000| Untracked 
|  54|0x000000068e800000, 0x000000068e800000, 0x000000068ec00000|  0%| F|  |TAMS 0x000000068e800000, 0x000000068e800000| Untracked 
|  55|0x000000068ec00000, 0x000000068ec00000, 0x000000068f000000|  0%| F|  |TAMS 0x000000068ec00000, 0x000000068ec00000| Untracked 
|  56|0x000000068f000000, 0x000000068f000000, 0x000000068f400000|  0%| F|  |TAMS 0x000000068f000000, 0x000000068f000000| Untracked 
|  57|0x000000068f400000, 0x000000068f400000, 0x000000068f800000|  0%| F|  |TAMS 0x000000068f400000, 0x000000068f400000| Untracked 
|  58|0x000000068f800000, 0x000000068f800000, 0x000000068fc00000|  0%| F|  |TAMS 0x000000068f800000, 0x000000068f800000| Untracked 
|  59|0x000000068fc00000, 0x000000068fc00000, 0x0000000690000000|  0%| F|  |TAMS 0x000000068fc00000, 0x000000068fc00000| Untracked 
|  60|0x0000000690000000, 0x0000000690000000, 0x0000000690400000|  0%| F|  |TAMS 0x0000000690000000, 0x0000000690000000| Untracked 
|  61|0x0000000690400000, 0x0000000690400000, 0x0000000690800000|  0%| F|  |TAMS 0x0000000690400000, 0x0000000690400000| Untracked 
|  62|0x0000000690800000, 0x0000000690800000, 0x0000000690c00000|  0%| F|  |TAMS 0x0000000690800000, 0x0000000690800000| Untracked 
|  63|0x0000000690c00000, 0x0000000690c00000, 0x0000000691000000|  0%| F|  |TAMS 0x0000000690c00000, 0x0000000690c00000| Untracked 
|  64|0x0000000691000000, 0x0000000691000000, 0x0000000691400000|  0%| F|  |TAMS 0x0000000691000000, 0x0000000691000000| Untracked 
|  65|0x0000000691400000, 0x0000000691400000, 0x0000000691800000|  0%| F|  |TAMS 0x0000000691400000, 0x0000000691400000| Untracked 
|  66|0x0000000691800000, 0x0000000691800000, 0x0000000691c00000|  0%| F|  |TAMS 0x0000000691800000, 0x0000000691800000| Untracked 
|  67|0x0000000691c00000, 0x0000000691c00000, 0x0000000692000000|  0%| F|  |TAMS 0x0000000691c00000, 0x0000000691c00000| Untracked 
|  68|0x0000000692000000, 0x0000000692000000, 0x0000000692400000|  0%| F|  |TAMS 0x0000000692000000, 0x0000000692000000| Untracked 
|  69|0x0000000692400000, 0x0000000692400000, 0x0000000692800000|  0%| F|  |TAMS 0x0000000692400000, 0x0000000692400000| Untracked 
|  70|0x0000000692800000, 0x0000000692800000, 0x0000000692c00000|  0%| F|  |TAMS 0x0000000692800000, 0x0000000692800000| Untracked 
|  71|0x0000000692c00000, 0x0000000692c00000, 0x0000000693000000|  0%| F|  |TAMS 0x0000000692c00000, 0x0000000692c00000| Untracked 
|  72|0x0000000693000000, 0x0000000693000000, 0x0000000693400000|  0%| F|  |TAMS 0x0000000693000000, 0x0000000693000000| Untracked 
|  73|0x0000000693400000, 0x0000000693400000, 0x0000000693800000|  0%| F|  |TAMS 0x0000000693400000, 0x0000000693400000| Untracked 
|  74|0x0000000693800000, 0x0000000693800000, 0x0000000693c00000|  0%| F|  |TAMS 0x0000000693800000, 0x0000000693800000| Untracked 
|  75|0x0000000693c00000, 0x0000000693c00000, 0x0000000694000000|  0%| F|  |TAMS 0x0000000693c00000, 0x0000000693c00000| Untracked 
|  76|0x0000000694000000, 0x0000000694000000, 0x0000000694400000|  0%| F|  |TAMS 0x0000000694000000, 0x0000000694000000| Untracked 
|  77|0x0000000694400000, 0x0000000694400000, 0x0000000694800000|  0%| F|  |TAMS 0x0000000694400000, 0x0000000694400000| Untracked 
|  78|0x0000000694800000, 0x0000000694800000, 0x0000000694c00000|  0%| F|  |TAMS 0x0000000694800000, 0x0000000694800000| Untracked 
|  79|0x0000000694c00000, 0x0000000694c00000, 0x0000000695000000|  0%| F|  |TAMS 0x0000000694c00000, 0x0000000694c00000| Untracked 
|  80|0x0000000695000000, 0x0000000695000000, 0x0000000695400000|  0%| F|  |TAMS 0x0000000695000000, 0x0000000695000000| Untracked 
|  81|0x0000000695400000, 0x0000000695400000, 0x0000000695800000|  0%| F|  |TAMS 0x0000000695400000, 0x0000000695400000| Untracked 
|  82|0x0000000695800000, 0x0000000695800000, 0x0000000695c00000|  0%| F|  |TAMS 0x0000000695800000, 0x0000000695800000| Untracked 
|  83|0x0000000695c00000, 0x0000000695c00000, 0x0000000696000000|  0%| F|  |TAMS 0x0000000695c00000, 0x0000000695c00000| Untracked 
|  84|0x0000000696000000, 0x0000000696000000, 0x0000000696400000|  0%| F|  |TAMS 0x0000000696000000, 0x0000000696000000| Untracked 
|  85|0x0000000696400000, 0x0000000696400000, 0x0000000696800000|  0%| F|  |TAMS 0x0000000696400000, 0x0000000696400000| Untracked 
|  86|0x0000000696800000, 0x0000000696800000, 0x0000000696c00000|  0%| F|  |TAMS 0x0000000696800000, 0x0000000696800000| Untracked 
|  87|0x0000000696c00000, 0x0000000696c00000, 0x0000000697000000|  0%| F|  |TAMS 0x0000000696c00000, 0x0000000696c00000| Untracked 
|  88|0x0000000697000000, 0x0000000697000000, 0x0000000697400000|  0%| F|  |TAMS 0x0000000697000000, 0x0000000697000000| Untracked 
|  89|0x0000000697400000, 0x0000000697400000, 0x0000000697800000|  0%| F|  |TAMS 0x0000000697400000, 0x0000000697400000| Untracked 
|  90|0x0000000697800000, 0x0000000697800000, 0x0000000697c00000|  0%| F|  |TAMS 0x0000000697800000, 0x0000000697800000| Untracked 
|  91|0x0000000697c00000, 0x0000000697f19e30, 0x0000000698000000| 77%| S|CS|TAMS 0x0000000697c00000, 0x0000000697c00000| Complete 
|  92|0x0000000698000000, 0x0000000698000000, 0x0000000698400000|  0%| F|  |TAMS 0x0000000698000000, 0x0000000698000000| Untracked 
|  93|0x0000000698400000, 0x0000000698400000, 0x0000000698800000|  0%| F|  |TAMS 0x0000000698400000, 0x0000000698400000| Untracked 
|  94|0x0000000698800000, 0x000000069880fe50, 0x0000000698c00000|  1%| E|  |TAMS 0x0000000698800000, 0x0000000698800000| Complete 
|  95|0x0000000698c00000, 0x0000000699000000, 0x0000000699000000|100%| E|CS|TAMS 0x0000000698c00000, 0x0000000698c00000| Complete 

Card table byte_map: [0x000001a17c9f0000,0x000001a17d5f0000] _byte_map_base: 0x000001a1795e8000

Marking Bits (Prev, Next): (CMBitMap*) 0x000001a1745fb4b0, (CMBitMap*) 0x000001a1745fb4f0
 Prev Bits: [0x000001a10f000000, 0x000001a114fc0000)
 Next Bits: [0x000001a114fc0000, 0x000001a11af80000)

Polling page: 0x000001a172470000

Metaspace:

Usage:
  Non-class:      5.70 MB used.
      Class:    314.00 KB used.
       Both:      6.00 MB used.

Virtual space:
  Non-class space:       16.00 MB reserved,       5.75 MB ( 36%) committed,  2 nodes.
      Class space:        1.00 GB reserved,     448.00 KB ( <1%) committed,  1 nodes.
             Both:        1.02 GB reserved,       6.19 MB ( <1%) committed. 

Chunk freelists:
   Non-Class:  3.89 MB
       Class:  3.55 MB
        Both:  7.44 MB

MaxMetaspaceSize: unlimited
CompressedClassSpaceSize: 1.00 GB
Initial GC threshold: 21.00 MB
Current GC threshold: 21.00 MB
CDS: on
MetaspaceReclaimPolicy: balanced
 - commit_granule_bytes: 65536.
 - commit_granule_words: 8192.
 - virtual_space_node_default_size: 1048576.
 - enlarge_chunks_in_place: 1.
 - new_chunks_are_fully_committed: 0.
 - uncommit_free_chunks: 1.
 - use_allocation_guard: 0.
 - handle_deallocations: 1.


Internal statistics:

num_allocs_failed_limit: 0.
num_arena_births: 68.
num_arena_deaths: 0.
num_vsnodes_births: 3.
num_vsnodes_deaths: 0.
num_space_committed: 97.
num_space_uncommitted: 0.
num_chunks_returned_to_freelist: 0.
num_chunks_taken_from_freelist: 238.
num_chunk_merges: 0.
num_chunk_splits: 174.
num_chunks_enlarged: 137.
num_purges: 0.
num_inconsistent_stats: 0.

CodeHeap 'non-profiled nmethods': size=120000Kb used=285Kb max_used=285Kb free=119714Kb
 bounds [0x000001a107ad0000, 0x000001a107d40000, 0x000001a10f000000]
CodeHeap 'profiled nmethods': size=120000Kb used=1204Kb max_used=1204Kb free=118795Kb
 bounds [0x000001a100000000, 0x000001a100270000, 0x000001a107530000]
CodeHeap 'non-nmethods': size=5760Kb used=1638Kb max_used=1654Kb free=4121Kb
 bounds [0x000001a107530000, 0x000001a1077a0000, 0x000001a107ad0000]
 total_blobs=1871 nmethods=791 adapters=994
 compilation: enabled
              stopped_count=0, restarted_count=0
 full_count=0

Compilation events (20 events):
Event: 1.737 Thread 0x000001a17e701f40 nmethod 785 0x000001a100126f90 code [0x000001a100127140, 0x000001a100127458]
Event: 1.737 Thread 0x000001a17e701f40  786       3       org.a4z0.venture.world.SimpleBlockMesh::isFaceVisible (180 bytes)
Event: 1.738 Thread 0x000001a17e701f40 nmethod 786 0x000001a100127590 code [0x000001a1001277c0, 0x000001a100127ea8]
Event: 1.738 Thread 0x000001a17e701f40  784       3       org.a4z0.venture.world.SimpleBlockVertex::stream (1006 bytes)
Event: 1.741 Thread 0x000001a17e701f40 nmethod 784 0x000001a100128110 code [0x000001a100128600, 0x000001a10012a478]
Event: 1.741 Thread 0x000001a17e701f40  783       3       org.a4z0.venture.gl.vertex.Vertex::getAOs (6 bytes)
Event: 1.742 Thread 0x000001a17e701f40 nmethod 783 0x000001a10012b210 code [0x000001a10012b3a0, 0x000001a10012b4e8]
Event: 1.753 Thread 0x000001a17e6f4070 nmethod 779 0x000001a107b13010 code [0x000001a107b131e0, 0x000001a107b13798]
Event: 1.753 Thread 0x000001a17e6f4070  787       4       org.a4z0.venture.world.SimpleBlockMesh::isFaceVisible (180 bytes)
Event: 1.758 Thread 0x000001a17e701f40  788       3       jdk.internal.access.SharedSecrets::javaUtilJarAccess (19 bytes)
Event: 1.759 Thread 0x000001a17e701f40 nmethod 788 0x000001a10012b590 code [0x000001a10012b780, 0x000001a10012bb48]
Event: 1.764 Thread 0x000001a17e701f40  789       3       java.util.concurrent.ConcurrentHashMap$BaseIterator::<init> (21 bytes)
Event: 1.764 Thread 0x000001a17e701f40 nmethod 789 0x000001a10012bd10 code [0x000001a10012bec0, 0x000001a10012c0b8]
Event: 1.765 Thread 0x000001a17e701f40  790       3       java.util.concurrent.ConcurrentHashMap::values (25 bytes)
Event: 1.765 Thread 0x000001a17e701f40 nmethod 790 0x000001a10012c190 code [0x000001a10012c340, 0x000001a10012c6f8]
Event: 1.766 Thread 0x000001a17e701f40  791       3       java.util.concurrent.ConcurrentHashMap$ValuesView::iterator (34 bytes)
Event: 1.766 Thread 0x000001a17e701f40 nmethod 791 0x000001a10012c810 code [0x000001a10012c9c0, 0x000001a10012cc08]
Event: 1.766 Thread 0x000001a17e701f40  792       3       java.util.concurrent.ConcurrentHashMap$ValueIterator::<init> (12 bytes)
Event: 1.766 Thread 0x000001a17e701f40 nmethod 792 0x000001a10012cd10 code [0x000001a10012cea0, 0x000001a10012cfe8]
Event: 1.767 Thread 0x000001a17e6f4070 nmethod 787 0x000001a107b13b10 code [0x000001a107b13d00, 0x000001a107b14658]

GC Heap History (2 events):
Event: 1.718 GC heap before
{Heap before GC invocations=0 (full 0):
 garbage-first heap   total 393216K, used 16384K [0x0000000681000000, 0x0000000800000000)
  region size 4096K, 4 young (16384K), 0 survivors (0K)
 Metaspace       used 5977K, committed 6208K, reserved 1056768K
  class space    used 311K, committed 448K, reserved 1048576K
}
Event: 1.728 GC heap after
{Heap after GC invocations=1 (full 0):
 garbage-first heap   total 393216K, used 3175K [0x0000000681000000, 0x0000000800000000)
  region size 4096K, 1 young (4096K), 1 survivors (4096K)
 Metaspace       used 5977K, committed 6208K, reserved 1056768K
  class space    used 311K, committed 448K, reserved 1048576K
}

Deoptimization events (20 events):
Event: 1.703 Thread 0x000001a174571130 Uncommon trap: trap_request=0xffffffbe fr.pc=0x000001a107b0b4e8 relative=0x0000000000000ba8
Event: 1.703 Thread 0x000001a174571130 Uncommon trap: reason=profile_predicate action=maybe_recompile pc=0x000001a107b0b4e8 method=org.a4z0.venture.world.SimpleBlockMesh.mesh(Lorg/a4z0/venture/world/SimpleBlockMap;Lorg/a4z0/venture/camera/frustum/Frustum;)Lorg/a4z0/venture/gl/vertex/Vertex; @ 
Event: 1.703 Thread 0x000001a174571130 DEOPT PACKING pc=0x000001a107b0b4e8 sp=0x000000941c9ff750
Event: 1.703 Thread 0x000001a174571130 DEOPT UNPACKING pc=0x000001a1075823a3 sp=0x000000941c9ff708 mode 2
Event: 1.704 Thread 0x000001a174571130 Uncommon trap: trap_request=0xffffffbe fr.pc=0x000001a107b0b4e8 relative=0x0000000000000ba8
Event: 1.704 Thread 0x000001a174571130 Uncommon trap: reason=profile_predicate action=maybe_recompile pc=0x000001a107b0b4e8 method=org.a4z0.venture.world.SimpleBlockMesh.mesh(Lorg/a4z0/venture/world/SimpleBlockMap;Lorg/a4z0/venture/camera/frustum/Frustum;)Lorg/a4z0/venture/gl/vertex/Vertex; @ 
Event: 1.704 Thread 0x000001a174571130 DEOPT PACKING pc=0x000001a107b0b4e8 sp=0x000000941c9ff750
Event: 1.704 Thread 0x000001a174571130 DEOPT UNPACKING pc=0x000001a1075823a3 sp=0x000000941c9ff708 mode 2
Event: 1.705 Thread 0x000001a174571130 Uncommon trap: trap_request=0xffffffbe fr.pc=0x000001a107b0b4e8 relative=0x0000000000000ba8
Event: 1.705 Thread 0x000001a174571130 Uncommon trap: reason=profile_predicate action=maybe_recompile pc=0x000001a107b0b4e8 method=org.a4z0.venture.world.SimpleBlockMesh.mesh(Lorg/a4z0/venture/world/SimpleBlockMap;Lorg/a4z0/venture/camera/frustum/Frustum;)Lorg/a4z0/venture/gl/vertex/Vertex; @ 
Event: 1.705 Thread 0x000001a174571130 DEOPT PACKING pc=0x000001a107b0b4e8 sp=0x000000941c9ff750
Event: 1.705 Thread 0x000001a174571130 DEOPT UNPACKING pc=0x000001a1075823a3 sp=0x000000941c9ff708 mode 2
Event: 1.706 Thread 0x000001a174571130 Uncommon trap: trap_request=0xffffffbe fr.pc=0x000001a107b0b4e8 relative=0x0000000000000ba8
Event: 1.706 Thread 0x000001a174571130 Uncommon trap: reason=profile_predicate action=maybe_recompile pc=0x000001a107b0b4e8 method=org.a4z0.venture.world.SimpleBlockMesh.mesh(Lorg/a4z0/venture/world/SimpleBlockMap;Lorg/a4z0/venture/camera/frustum/Frustum;)Lorg/a4z0/venture/gl/vertex/Vertex; @ 
Event: 1.706 Thread 0x000001a174571130 DEOPT PACKING pc=0x000001a107b0b4e8 sp=0x000000941c9ff750
Event: 1.706 Thread 0x000001a174571130 DEOPT UNPACKING pc=0x000001a1075823a3 sp=0x000000941c9ff708 mode 2
Event: 1.736 Thread 0x000001a174571130 Uncommon trap: trap_request=0xffffff45 fr.pc=0x000001a107b08de8 relative=0x00000000000004e8
Event: 1.736 Thread 0x000001a174571130 Uncommon trap: reason=unstable_if action=reinterpret pc=0x000001a107b08de8 method=org.a4z0.venture.world.SimpleBlockMesh.isFaceVisible(Lorg/a4z0/venture/world/SimpleBlockMap;Lorg/a4z0/venture/world/position/Direction;III)Z @ 108 c2
Event: 1.736 Thread 0x000001a174571130 DEOPT PACKING pc=0x000001a107b08de8 sp=0x000000941c9ff6d0
Event: 1.736 Thread 0x000001a174571130 DEOPT UNPACKING pc=0x000001a1075823a3 sp=0x000000941c9ff680 mode 2

Classes unloaded (0 events):
No events

Classes redefined (0 events):
No events

Internal exceptions (20 events):
Event: 0.353 Thread 0x000001a174571130 Exception <a 'java/lang/NoSuchMethodError'{0x0000000698fc1418}: 'void java.lang.invoke.DirectMethodHandle$Holder.invokeSpecial(java.lang.Object, java.lang.Object, java.lang.Object)'> (0x0000000698fc1418) 
thrown [s\open\src\hotspot\share\interpreter\linkResolver.cpp, line 759]
Event: 0.359 Thread 0x000001a174571130 Exception <a 'java/lang/NoSuchMethodError'{0x0000000698fd41b0}: 'java.lang.Object java.lang.invoke.DirectMethodHandle$Holder.invokeStatic(java.lang.Object, java.lang.Object, int)'> (0x0000000698fd41b0) 
thrown [s\open\src\hotspot\share\interpreter\linkResolver.cpp, line 759]
Event: 0.362 Thread 0x000001a174571130 Exception <a 'java/lang/NoSuchMethodError'{0x0000000698fdff20}: 'void java.lang.invoke.DelegatingMethodHandle$Holder.delegate(java.lang.Object, java.lang.Object, int, java.lang.Object)'> (0x0000000698fdff20) 
thrown [s\open\src\hotspot\share\interpreter\linkResolver.cpp, line 759]
Event: 0.363 Thread 0x000001a174571130 Exception <a 'java/lang/NoSuchMethodError'{0x0000000698fe3f58}: 'int java.lang.invoke.DirectMethodHandle$Holder.invokeSpecial(java.lang.Object, java.lang.Object, java.lang.Object)'> (0x0000000698fe3f58) 
thrown [s\open\src\hotspot\share\interpreter\linkResolver.cpp, line 759]
Event: 0.420 Thread 0x000001a174571130 Exception <a 'sun/nio/fs/WindowsException'{0x0000000698845bd0}> (0x0000000698845bd0) 
thrown [s\open\src\hotspot\share\prims\jni.cpp, line 516]
Event: 0.421 Thread 0x000001a174571130 Exception <a 'sun/nio/fs/WindowsException'{0x0000000698846158}> (0x0000000698846158) 
thrown [s\open\src\hotspot\share\prims\jni.cpp, line 516]
Event: 0.443 Thread 0x000001a174571130 Exception <a 'sun/nio/fs/WindowsException'{0x000000069885c800}> (0x000000069885c800) 
thrown [s\open\src\hotspot\share\prims\jni.cpp, line 516]
Event: 0.444 Thread 0x000001a174571130 Exception <a 'sun/nio/fs/WindowsException'{0x000000069885cba0}> (0x000000069885cba0) 
thrown [s\open\src\hotspot\share\prims\jni.cpp, line 516]
Event: 0.462 Thread 0x000001a174571130 Exception <a 'java/lang/NoSuchMethodError'{0x00000006988a58b0}: 'int java.lang.invoke.DirectMethodHandle$Holder.invokeStaticInit(java.lang.Object, java.lang.Object, int, long)'> (0x00000006988a58b0) 
thrown [s\open\src\hotspot\share\interpreter\linkResolver.cpp, line 759]
Event: 0.464 Thread 0x000001a174571130 Exception <a 'java/lang/NoSuchMethodError'{0x00000006988ab3d0}: 'java.lang.Object java.lang.invoke.DirectMethodHandle$Holder.newInvokeSpecial(java.lang.Object, java.lang.Object, int)'> (0x00000006988ab3d0) 
thrown [s\open\src\hotspot\share\interpreter\linkResolver.cpp, line 759]
Event: 0.469 Thread 0x000001a174571130 Exception <a 'java/lang/NoSuchMethodError'{0x00000006988ba208}: 'int java.lang.invoke.DirectMethodHandle$Holder.invokeStaticInit(java.lang.Object, java.lang.Object, long, long)'> (0x00000006988ba208) 
thrown [s\open\src\hotspot\share\interpreter\linkResolver.cpp, line 759]
Event: 0.470 Thread 0x000001a174571130 Exception <a 'java/lang/NoSuchMethodError'{0x00000006988c0318}: 'java.lang.Object java.lang.invoke.DirectMethodHandle$Holder.newInvokeSpecial(java.lang.Object, java.lang.Object, long)'> (0x00000006988c0318) 
thrown [s\open\src\hotspot\share\interpreter\linkResolver.cpp, line 759]
Event: 0.471 Thread 0x000001a174571130 Exception <a 'java/lang/NoSuchMethodError'{0x00000006988c4360}: 'java.lang.Object java.lang.invoke.Invokers$Holder.linkToTargetMethod(java.lang.Object, long, java.lang.Object)'> (0x00000006988c4360) 
thrown [s\open\src\hotspot\share\interpreter\linkResolver.cpp, line 759]
Event: 0.473 Thread 0x000001a174571130 Exception <a 'java/lang/NoSuchMethodError'{0x00000006988cba78}: 'int java.lang.invoke.DirectMethodHandle$Holder.invokeStaticInit(java.lang.Object, java.lang.Object, java.lang.Object, long)'> (0x00000006988cba78) 
thrown [s\open\src\hotspot\share\interpreter\linkResolver.cpp, line 759]
Event: 1.077 Thread 0x000001a174571130 Exception <a 'sun/nio/fs/WindowsException'{0x0000000698a57c40}> (0x0000000698a57c40) 
thrown [s\open\src\hotspot\share\prims\jni.cpp, line 516]
Event: 1.077 Thread 0x000001a174571130 Exception <a 'sun/nio/fs/WindowsException'{0x0000000698a58020}> (0x0000000698a58020) 
thrown [s\open\src\hotspot\share\prims\jni.cpp, line 516]
Event: 1.084 Thread 0x000001a174571130 Exception <a 'sun/nio/fs/WindowsException'{0x0000000698a5eda8}> (0x0000000698a5eda8) 
thrown [s\open\src\hotspot\share\prims\jni.cpp, line 516]
Event: 1.084 Thread 0x000001a174571130 Exception <a 'sun/nio/fs/WindowsException'{0x0000000698a5f0c0}> (0x0000000698a5f0c0) 
thrown [s\open\src\hotspot\share\prims\jni.cpp, line 516]
Event: 1.366 Thread 0x000001a174571130 Exception <a 'sun/nio/fs/WindowsException'{0x000000069849fda0}> (0x000000069849fda0) 
thrown [s\open\src\hotspot\share\prims\jni.cpp, line 516]
Event: 1.367 Thread 0x000001a174571130 Exception <a 'sun/nio/fs/WindowsException'{0x00000006984a0158}> (0x00000006984a0158) 
thrown [s\open\src\hotspot\share\prims\jni.cpp, line 516]

VM Operations (6 events):
Event: 0.306 Executing VM operation: HandshakeAllThreads
Event: 0.306 Executing VM operation: HandshakeAllThreads done
Event: 1.308 Executing VM operation: Cleanup
Event: 1.308 Executing VM operation: Cleanup done
Event: 1.718 Executing VM operation: G1CollectForAllocation
Event: 1.728 Executing VM operation: G1CollectForAllocation done

Events (20 events):
Event: 1.128 loading class jdk/internal/misc/ScopedMemoryAccess$Scope done
Event: 1.325 loading class java/lang/ArrayIndexOutOfBoundsException
Event: 1.325 loading class java/lang/ArrayIndexOutOfBoundsException done
Event: 1.346 loading class sun/net/ProgressMonitor
Event: 1.346 loading class sun/net/ProgressMonitor done
Event: 1.346 loading class sun/net/DefaultProgressMeteringPolicy
Event: 1.347 loading class sun/net/ProgressMeteringPolicy
Event: 1.347 loading class sun/net/ProgressMeteringPolicy done
Event: 1.347 loading class sun/net/DefaultProgressMeteringPolicy done
Event: 1.371 Loaded shared library C:\Users\William A. Oliveira\AppData\Local\Temp\lwjglWilliam\3.3.1-build-7\lwjgl_stb.dll
Event: 1.381 loading class java/lang/AssertionError
Event: 1.381 loading class java/lang/AssertionError done
Event: 1.437 loading class java/io/Externalizable
Event: 1.437 loading class java/io/Externalizable done
Event: 1.442 Loaded shared library C:\Program Files\Java\jdk-17\bin\verify.dll
Event: 1.511 Thread 0x000001a122b7f730 Thread added: 0x000001a122b7f730
Event: 1.535 loading class java/lang/NumberFormatException
Event: 1.535 loading class java/lang/NumberFormatException done
Event: 1.561 loading class java/lang/SecurityException
Event: 1.562 loading class java/lang/SecurityException done


Dynamic libraries:
0x00007ff7675a0000 - 0x00007ff7675b0000 	C:\Program Files\Java\jdk-17\bin\java.exe
0x00007ffddd590000 - 0x00007ffddd7a6000 	C:\Windows\SYSTEM32\ntdll.dll
0x00007ffddcbe0000 - 0x00007ffddcca4000 	C:\Windows\System32\KERNEL32.DLL
0x00007ffddac70000 - 0x00007ffddb016000 	C:\Windows\System32\KERNELBASE.dll
0x00007ffdda8d0000 - 0x00007ffdda9e1000 	C:\Windows\System32\ucrtbase.dll
0x00007ffdd6170000 - 0x00007ffdd618b000 	C:\Program Files\Java\jdk-17\bin\VCRUNTIME140.dll
0x00007ffdd6190000 - 0x00007ffdd61a9000 	C:\Program Files\Java\jdk-17\bin\jli.dll
0x00007ffddccc0000 - 0x00007ffddcd72000 	C:\Windows\System32\ADVAPI32.dll
0x00007ffddceb0000 - 0x00007ffddcf57000 	C:\Windows\System32\msvcrt.dll
0x00007ffddcd80000 - 0x00007ffddce28000 	C:\Windows\System32\sechost.dll
0x00007ffddb2b0000 - 0x00007ffddb2d8000 	C:\Windows\System32\bcrypt.dll
0x00007ffddbb40000 - 0x00007ffddbc55000 	C:\Windows\System32\RPCRT4.dll
0x00007ffddd3a0000 - 0x00007ffddd54d000 	C:\Windows\System32\USER32.dll
0x00007ffdda9f0000 - 0x00007ffddaa16000 	C:\Windows\System32\win32u.dll
0x00007ffddc030000 - 0x00007ffddc059000 	C:\Windows\System32\GDI32.dll
0x00007ffddb020000 - 0x00007ffddb138000 	C:\Windows\System32\gdi32full.dll
0x00007ffddab50000 - 0x00007ffddabea000 	C:\Windows\System32\msvcp_win.dll
0x00007ffdc1f90000 - 0x00007ffdc2223000 	C:\Windows\WinSxS\amd64_microsoft.windows.common-controls_6595b64144ccf1df_6.0.22621.3235_none_270f74e173860f98\COMCTL32.dll
0x00007ffdd45f0000 - 0x00007ffdd45fa000 	C:\Windows\SYSTEM32\VERSION.dll
0x00007ffddbe00000 - 0x00007ffddbe31000 	C:\Windows\System32\IMM32.DLL
0x00007ffdce5e0000 - 0x00007ffdce5ec000 	C:\Program Files\Java\jdk-17\bin\vcruntime140_1.dll
0x00007ffd8dff0000 - 0x00007ffd8e07e000 	C:\Program Files\Java\jdk-17\bin\msvcp140.dll
0x00007ffd7d720000 - 0x00007ffd7e2fd000 	C:\Program Files\Java\jdk-17\bin\server\jvm.dll
0x00007ffddbc60000 - 0x00007ffddbc68000 	C:\Windows\System32\PSAPI.DLL
0x00007ffdd7b70000 - 0x00007ffdd7b79000 	C:\Windows\SYSTEM32\WSOCK32.dll
0x00007ffddce30000 - 0x00007ffddcea1000 	C:\Windows\System32\WS2_32.dll
0x00007ffdd0b70000 - 0x00007ffdd0ba4000 	C:\Windows\SYSTEM32\WINMM.dll
0x00007ffdd9910000 - 0x00007ffdd9928000 	C:\Windows\SYSTEM32\kernel.appcore.dll
0x00007ffdce5d0000 - 0x00007ffdce5da000 	C:\Program Files\Java\jdk-17\bin\jimage.dll
0x00007ffdd05d0000 - 0x00007ffdd0803000 	C:\Windows\SYSTEM32\DBGHELP.DLL
0x00007ffddc850000 - 0x00007ffddcbd8000 	C:\Windows\System32\combase.dll
0x00007ffddd260000 - 0x00007ffddd337000 	C:\Windows\System32\OLEAUT32.dll
0x00007ffdbae80000 - 0x00007ffdbaeb2000 	C:\Windows\SYSTEM32\dbgcore.DLL
0x00007ffddabf0000 - 0x00007ffddac6a000 	C:\Windows\System32\bcryptPrimitives.dll
0x00007ffdd7c70000 - 0x00007ffdd7c7e000 	C:\Program Files\Java\jdk-17\bin\instrument.dll
0x00007ffdcc370000 - 0x00007ffdcc395000 	C:\Program Files\Java\jdk-17\bin\java.dll
0x00007ffd80980000 - 0x00007ffd80a57000 	C:\Program Files\Java\jdk-17\bin\jsvml.dll
0x00007ffddb2e0000 - 0x00007ffddbb3d000 	C:\Windows\System32\SHELL32.dll
0x00007ffdd8830000 - 0x00007ffdd9128000 	C:\Windows\SYSTEM32\windows.storage.dll
0x00007ffdd86f0000 - 0x00007ffdd882e000 	C:\Windows\SYSTEM32\wintypes.dll
0x00007ffddcf60000 - 0x00007ffddd053000 	C:\Windows\System32\SHCORE.dll
0x00007ffddbd40000 - 0x00007ffddbd9e000 	C:\Windows\System32\shlwapi.dll
0x00007ffdda800000 - 0x00007ffdda826000 	C:\Windows\SYSTEM32\profapi.dll
0x00007ffdb1590000 - 0x00007ffdb15a8000 	C:\Program Files\Java\jdk-17\bin\zip.dll
0x00007ffdcc2a0000 - 0x00007ffdcc2b9000 	C:\Program Files\Java\jdk-17\bin\net.dll
0x00007ffdd4e50000 - 0x00007ffdd4f87000 	C:\Windows\SYSTEM32\WINHTTP.dll
0x00007ffdd9d90000 - 0x00007ffdd9df9000 	C:\Windows\system32\mswsock.dll
0x00007ffdb15b0000 - 0x00007ffdb15c6000 	C:\Program Files\Java\jdk-17\bin\nio.dll
0x00007ffdd7210000 - 0x00007ffdd722a000 	C:\Program Files\JetBrains\IntelliJ IDEA Community Edition 2023.3\bin\breakgen64.dll
0x00007ffd8e3d0000 - 0x00007ffd8e445000 	C:\Users\William A. Oliveira\AppData\Local\Temp\lwjglWilliam\3.3.1-build-7\lwjgl.dll
0x00007ffd8e300000 - 0x00007ffd8e361000 	C:\Users\WILLIA~1.OLI\AppData\Local\Temp\lwjglWilliam\3.3.1-build-7\glfw.dll
0x00007ffdcea30000 - 0x00007ffdcea76000 	C:\Windows\SYSTEM32\dinput8.dll
0x00007ffdcc350000 - 0x00007ffdcc361000 	C:\Windows\SYSTEM32\xinput1_4.dll
0x00007ffdda5c0000 - 0x00007ffdda60e000 	C:\Windows\SYSTEM32\cfgmgr32.dll
0x00007ffdda540000 - 0x00007ffdda56c000 	C:\Windows\SYSTEM32\DEVOBJ.dll
0x00007ffdd80b0000 - 0x00007ffdd80db000 	C:\Windows\SYSTEM32\dwmapi.dll
0x00007ffdca8f0000 - 0x00007ffdcaafa000 	C:\Windows\SYSTEM32\inputhost.dll
0x00007ffdd79f0000 - 0x00007ffdd7b24000 	C:\Windows\SYSTEM32\CoreMessaging.dll
0x00007ffdd7e40000 - 0x00007ffdd7eeb000 	C:\Windows\system32\uxtheme.dll
0x00007ffdda000000 - 0x00007ffdda00c000 	C:\Windows\SYSTEM32\CRYPTBASE.DLL
0x00007ffddbe40000 - 0x00007ffddbf94000 	C:\Windows\System32\MSCTF.dll
0x00007ffdcc3a0000 - 0x00007ffdcc4a0000 	C:\Windows\SYSTEM32\opengl32.dll
0x00007ffdcda30000 - 0x00007ffdcda5d000 	C:\Windows\SYSTEM32\GLU32.dll
0x00007ffdd7f50000 - 0x00007ffdd7f89000 	C:\Windows\SYSTEM32\dxcore.dll
0x00007ffddbc90000 - 0x00007ffddbd40000 	C:\Windows\System32\clbcatq.dll
0x00007ffd57e10000 - 0x00007ffd5aab2000 	C:\Windows\System32\DriverStore\FileRepository\nv_dispi.inf_amd64_618b150331c5f4ad\nvoglv64.dll
0x00007ffddc350000 - 0x00007ffddc7c4000 	C:\Windows\System32\SETUPAPI.dll
0x00007ffddd060000 - 0x00007ffddd1ff000 	C:\Windows\System32\ole32.dll
0x00007ffdd96c0000 - 0x00007ffdd96d4000 	C:\Windows\SYSTEM32\WTSAPI32.dll
0x00007ffdda520000 - 0x00007ffdda532000 	C:\Windows\SYSTEM32\msasn1.dll
0x00007ffdd4460000 - 0x00007ffdd4492000 	C:\Windows\SYSTEM32\cryptnet.dll
0x00007ffddb140000 - 0x00007ffddb2a6000 	C:\Windows\System32\CRYPT32.dll
0x00007ffdd4300000 - 0x00007ffdd4458000 	C:\Windows\SYSTEM32\drvstore.dll
0x00007ffdda100000 - 0x00007ffdda14b000 	C:\Windows\SYSTEM32\wldp.dll
0x00007ffddaa20000 - 0x00007ffddaa8b000 	C:\Windows\System32\WINTRUST.dll
0x00007ffdd9930000 - 0x00007ffdd9964000 	C:\Windows\SYSTEM32\ntmarta.dll
0x00007ffddc230000 - 0x00007ffddc24f000 	C:\Windows\System32\imagehlp.dll
0x00007ffdd9fe0000 - 0x00007ffdd9ffb000 	C:\Windows\SYSTEM32\CRYPTSP.dll
0x00007ffdd9870000 - 0x00007ffdd98a5000 	C:\Windows\system32\rsaenh.dll
0x00007ffdc7fd0000 - 0x00007ffdca1ed000 	C:\Windows\System32\DriverStore\FileRepository\nv_dispi.inf_amd64_618b150331c5f4ad\nvgpucomp64.dll
0x00007ffd98630000 - 0x00007ffd98901000 	C:\Windows\system32\nvspcap64.dll
0x00007ffdda570000 - 0x00007ffdda5bd000 	C:\Windows\SYSTEM32\powrprof.dll
0x00007ffdda320000 - 0x00007ffdda333000 	C:\Windows\SYSTEM32\UMPDC.dll
0x00007ffdda090000 - 0x00007ffdda0f6000 	C:\Windows\SYSTEM32\WINSTA.dll
0x00007ffdc5440000 - 0x00007ffdc558a000 	C:\Windows\SYSTEM32\textinputframework.dll
0x00007ffdceb60000 - 0x00007ffdceecc000 	C:\Windows\SYSTEM32\CoreUIComponents.dll
0x00007ffd8c640000 - 0x00007ffd8c69d000 	C:\Users\William A. Oliveira\AppData\Local\Temp\lwjglWilliam\3.3.1-build-7\lwjgl_opengl.dll
0x00007ffd8c5b0000 - 0x00007ffd8c631000 	C:\Users\William A. Oliveira\AppData\Local\Temp\lwjglWilliam\3.3.1-build-7\lwjgl_stb.dll
0x00007ffdc2830000 - 0x00007ffdc2840000 	C:\Program Files\Java\jdk-17\bin\verify.dll

dbghelp: loaded successfully - version: 4.0.5 - missing functions: none
symbol engine: initialized successfully - sym options: 0x614 - pdb path: .;C:\Program Files\Java\jdk-17\bin;C:\Windows\SYSTEM32;C:\Windows\WinSxS\amd64_microsoft.windows.common-controls_6595b64144ccf1df_6.0.22621.3235_none_270f74e173860f98;C:\Program Files\Java\jdk-17\bin\server;C:\Program Files\JetBrains\IntelliJ IDEA Community Edition 2023.3\bin;C:\Users\William A. Oliveira\AppData\Local\Temp\lwjglWilliam\3.3.1-build-7;C:\Users\WILLIA~1.OLI\AppData\Local\Temp\lwjglWilliam\3.3.1-build-7;C:\Windows\System32\DriverStore\FileRepository\nv_dispi.inf_amd64_618b150331c5f4ad

VM Arguments:
jvm_args: -javaagent:C:\Program Files\JetBrains\IntelliJ IDEA Community Edition 2023.3\lib\idea_rt.jar=59753:C:\Program Files\JetBrains\IntelliJ IDEA Community Edition 2023.3\bin -Dfile.encoding=UTF-8 
java_command: org.a4z0.venture.Venture
java_class_path (initial): E:\Workspace\Venture\target\classes;C:\Users\William A. Oliveira\.m2\repository\org\lwjgl\lwjgl\3.3.1\lwjgl-3.3.1.jar;C:\Users\William A. Oliveira\.m2\repository\org\lwjgl\lwjgl-assimp\3.3.1\lwjgl-assimp-3.3.1.jar;C:\Users\William A. Oliveira\.m2\repository\org\lwjgl\lwjgl-glfw\3.3.1\lwjgl-glfw-3.3.1.jar;C:\Users\William A. Oliveira\.m2\repository\org\lwjgl\lwjgl-nfd\3.3.1\lwjgl-nfd-3.3.1.jar;C:\Users\William A. Oliveira\.m2\repository\org\lwjgl\lwjgl-openal\3.3.1\lwjgl-openal-3.3.1.jar;C:\Users\William A. Oliveira\.m2\repository\org\lwjgl\lwjgl-opengl\3.3.1\lwjgl-opengl-3.3.1.jar;C:\Users\William A. Oliveira\.m2\repository\org\lwjgl\lwjgl-stb\3.3.1\lwjgl-stb-3.3.1.jar;C:\Users\William A. Oliveira\.m2\repository\org\lwjgl\lwjgl\3.3.1\lwjgl-3.3.1-natives-windows.jar;C:\Users\William A. Oliveira\.m2\repository\org\lwjgl\lwjgl-assimp\3.3.1\lwjgl-assimp-3.3.1-natives-windows.jar;C:\Users\William A. Oliveira\.m2\repository\org\lwjgl\lwjgl-glfw\3.3.1\lwjgl-glfw-3.3.1-natives-windows.jar;C:\Users\William A. Oliveira\.m2\repository\org\lwjgl\lwjgl-nfd\3.3.1\lwjgl-nfd-3.3.1-natives-windows.jar;C:\Users\William A. Oliveira\.m2\repository\org\lwjgl\lwjgl-openal\3.3.1\lwjgl-openal-3.3.1-natives-windows.jar;C:\Users\William A. Oliveira\.m2\repository\org\lwjgl\lwjgl-opengl\3.3.1\lwjgl-opengl-3.3.1-natives-windows.jar;C:\Users\William A. Oliveira\.m2\repository\org\lwjgl\lwjgl-stb\3.3.1\lwjgl-stb-3.3.1-natives-windows.jar;C:\Users\William A. Oliveira\.m2\repository\org\joml\joml\1.10.5\joml-1.10.5.jar
Launcher Type: SUN_STANDARD

[Global flags]
     intx CICompilerCount                          = 3                                         {product} {ergonomic}
     uint ConcGCThreads                            = 1                                         {product} {ergonomic}
     uint G1ConcRefinementThreads                  = 4                                         {product} {ergonomic}
   size_t G1HeapRegionSize                         = 4194304                                   {product} {ergonomic}
    uintx GCDrainStackTargetSize                   = 64                                        {product} {ergonomic}
   size_t InitialHeapSize                          = 402653184                                 {product} {ergonomic}
   size_t MarkStackSize                            = 4194304                                   {product} {ergonomic}
   size_t MaxHeapSize                              = 6425673728                                {product} {ergonomic}
   size_t MaxNewSize                               = 3854565376                                {product} {ergonomic}
   size_t MinHeapDeltaBytes                        = 4194304                                   {product} {ergonomic}
   size_t MinHeapSize                              = 8388608                                   {product} {ergonomic}
    uintx NonNMethodCodeHeapSize                   = 5832780                                {pd product} {ergonomic}
    uintx NonProfiledCodeHeapSize                  = 122912730                              {pd product} {ergonomic}
    uintx ProfiledCodeHeapSize                     = 122912730                              {pd product} {ergonomic}
    uintx ReservedCodeCacheSize                    = 251658240                              {pd product} {ergonomic}
     bool SegmentedCodeCache                       = true                                      {product} {ergonomic}
   size_t SoftMaxHeapSize                          = 6425673728                             {manageable} {ergonomic}
     bool UseCompressedClassPointers               = true                           {product lp64_product} {ergonomic}
     bool UseCompressedOops                        = true                           {product lp64_product} {ergonomic}
     bool UseG1GC                                  = true                                      {product} {ergonomic}
     bool UseLargePagesIndividualAllocation        = false                                  {pd product} {ergonomic}

Logging:
Log output configuration:
 #0: stdout all=warning uptime,level,tags
 #1: stderr all=off uptime,level,tags

Environment Variables:
PATH=C:\Program Files\Common Files\Oracle\Java\javapath;C:\Windows\system32;C:\Windows;C:\Windows\System32\Wbem;C:\Windows\System32\WindowsPowerShell\v1.0\;C:\Windows\System32\OpenSSH\;C:\Program Files\Microsoft VS Code\bin;C:\Program Files\NVIDIA Corporation\NVIDIA NvDLISR;C:\Program Files\Git\cmd;C:\Program Files\nodejs\;C:\Program Files (x86)\NVIDIA Corporation\PhysX\Common;C:\Program Files\PuTTY\;C:\Program Files\ElixirC:\Program Files\Erlang OTPC:\Users\William A. Oliveira\AppData\Local\Microsoft\WindowsApps;C:\Users\William A. Oliveira\AppData\Roaming\npm
USERNAME=William
OS=Windows_NT
PROCESSOR_IDENTIFIER=AMD64 Family 21 Model 101 Stepping 1, AuthenticAMD



---------------  S Y S T E M  ---------------

OS:
 Windows 11 , 64 bit Build 22621 (10.0.22621.3235)
OS uptime: 9 days 20:41 hours

CPU: total 4 (initial active 4) (4 cores per cpu, 1 threads per core) family 21 model 101 stepping 1 microcode 0x0, cx8, cmov, fxsr, mmx, 3dnowpref, sse, sse2, sse3, ssse3, sse4a, sse4.1, sse4.2, popcnt, lzcnt, tsc, tscinvbit, avx, avx2, aes, clmul, bmi1, bmi2, fma, vzeroupper, clflush

Memory: 4k page, system-wide physical 24505M (15988M free)
TotalPageFile size 26041M (AvailPageFile size 14396M)
current process WorkingSet (physical memory assigned to process): 111M, peak: 111M
current process commit charge ("private bytes"): 557M, peak: 557M

vm_info: Java HotSpot(TM) 64-Bit Server VM (17.0.7+8-LTS-224) for windows-amd64 JRE (17.0.7+8-LTS-224), built on Feb 28 2023 23:03:02 by "mach5one" with MS VC++ 17.1 (VS2022)

END.
